# JRE version: OpenJDK Runtime Environment (11.0.12+7) (build 11.0.12+7-b1504.28-7817840)
# Java VM: OpenJDK 64-Bit Server VM (11.0.12+7-b1504.28-7817840, mixed mode, tiered, compressed oops, g1 gc, windows-amd64)
Heap:
 garbage-first heap   total 458752K, used 306931K [0x0000000080000000, 0x0000000100000000)
  region size 1024K, 148 young (151552K), 10 survivors (10240K)
 Metaspace       used 114071K, capacity 117219K, committed 117500K, reserved 1150976K
  class space    used 14381K, capacity 15643K, committed 15692K, reserved 1048576K
GC Heap History (20 events):
Event: 91.033 GC heap before
{Heap before GC invocations=85 (full 0):
 garbage-first heap   total 390144K, used 338949K [0x0000000080000000, 0x0000000100000000)
  region size 1024K, 180 young (184320K), 6 survivors (6144K)
 Metaspace       used 113703K, capacity 116836K, committed 116988K, reserved 1150976K
  class space    used 14365K, capacity 15594K, committed 15692K, reserved 1048576K
}
Event: 91.054 GC heap after
{Heap after GC invocations=86 (full 0):
 garbage-first heap   total 390144K, used 167189K [0x0000000080000000, 0x0000000100000000)
  region size 1024K, 12 young (12288K), 12 survivors (12288K)
 Metaspace       used 113703K, capacity 116836K, committed 116988K, reserved 1150976K
  class space    used 14365K, capacity 15594K, committed 15692K, reserved 1048576K
}
Event: 92.415 GC heap before
{Heap before GC invocations=86 (full 0):
 garbage-first heap   total 390144K, used 335125K [0x0000000080000000, 0x0000000100000000)
  region size 1024K, 177 young (181248K), 12 survivors (12288K)
 Metaspace       used 113813K, capacity 116994K, committed 117244K, reserved 1150976K
  class space    used 14374K, capacity 15640K, committed 15692K, reserved 1048576K
}
Event: 92.434 GC heap after
{Heap after GC invocations=87 (full 0):
 garbage-first heap   total 390144K, used 164073K [0x0000000080000000, 0x0000000100000000)
  region size 1024K, 9 young (9216K), 9 survivors (9216K)
 Metaspace       used 113813K, capacity 116994K, committed 117244K, reserved 1150976K
  class space    used 14374K, capacity 15640K, committed 15692K, reserved 1048576K
}
Event: 93.220 GC heap before
{Heap before GC invocations=87 (full 0):
 garbage-first heap   total 390144K, used 338153K [0x0000000080000000, 0x0000000100000000)
  region size 1024K, 179 young (183296K), 9 survivors (9216K)
 Metaspace       used 113829K, capacity 116994K, committed 117244K, reserved 1150976K
  class space    used 14374K, capacity 15640K, committed 15692K, reserved 1048576K
}
Event: 93.244 GC heap after
{Heap after GC invocations=88 (full 0):
 garbage-first heap   total 390144K, used 164449K [0x0000000080000000, 0x0000000100000000)
  region size 1024K, 9 young (9216K), 9 survivors (9216K)
 Metaspace       used 113829K, capacity 116994K, committed 117244K, reserved 1150976K
  class space    used 14374K, capacity 15640K, committed 15692K, reserved 1048576K
}
Event: 94.273 GC heap before
{Heap before GC invocations=88 (full 0):
 garbage-first heap   total 390144K, used 338529K [0x0000000080000000, 0x0000000100000000)
  region size 1024K, 180 young (184320K), 9 survivors (9216K)
 Metaspace       used 113847K, capacity 117062K, committed 117244K, reserved 1150976K
  class space    used 14375K, capacity 15641K, committed 15692K, reserved 1048576K
}
Event: 94.308 GC heap after
{Heap after GC invocations=89 (full 0):
 garbage-first heap   total 390144K, used 166099K [0x0000000080000000, 0x0000000100000000)
  region size 1024K, 11 young (11264K), 11 survivors (11264K)
 Metaspace       used 113847K, capacity 117062K, committed 117244K, reserved 1150976K
  class space    used 14375K, capacity 15641K, committed 15692K, reserved 1048576K
}
Event: 95.302 GC heap before
{Heap before GC invocations=89 (full 0):
 garbage-first heap   total 390144K, used 336083K [0x0000000080000000, 0x0000000100000000)
  region size 1024K, 178 young (182272K), 11 survivors (11264K)
 Metaspace       used 113873K, capacity 117066K, committed 117244K, reserved 1150976K
  class space    used 14379K, capacity 15642K, committed 15692K, reserved 1048576K
}
Event: 95.323 GC heap after
{Heap after GC invocations=90 (full 0):
 garbage-first heap   total 390144K, used 165587K [0x0000000080000000, 0x0000000100000000)
  region size 1024K, 10 young (10240K), 10 survivors (10240K)
 Metaspace       used 113873K, capacity 117066K, committed 117244K, reserved 1150976K
  class space    used 14379K, capacity 15642K, committed 15692K, reserved 1048576K
}
Event: 96.172 GC heap before
{Heap before GC invocations=90 (full 0):
 garbage-first heap   total 390144K, used 337619K [0x0000000080000000, 0x0000000100000000)
  region size 1024K, 179 young (183296K), 10 survivors (10240K)
 Metaspace       used 113909K, capacity 117074K, committed 117244K, reserved 1150976K
  class space    used 14380K, capacity 15642K, committed 15692K, reserved 1048576K
}
Event: 96.196 GC heap after
{Heap after GC invocations=91 (full 0):
 garbage-first heap   total 390144K, used 166812K [0x0000000080000000, 0x0000000100000000)
  region size 1024K, 11 young (11264K), 11 survivors (11264K)
 Metaspace       used 113909K, capacity 117074K, committed 117244K, reserved 1150976K
  class space    used 14380K, capacity 15642K, committed 15692K, reserved 1048576K
}
Event: 97.034 GC heap before
{Heap before GC invocations=91 (full 0):
 garbage-first heap   total 390144K, used 337820K [0x0000000080000000, 0x0000000100000000)
  region size 1024K, 178 young (182272K), 11 survivors (11264K)
 Metaspace       used 113939K, capacity 117081K, committed 117244K, reserved 1150976K
  class space    used 14380K, capacity 15642K, committed 15692K, reserved 1048576K
}
Event: 97.063 GC heap after
{Heap after GC invocations=92 (full 0):
 garbage-first heap   total 390144K, used 164869K [0x0000000080000000, 0x0000000100000000)
  region size 1024K, 9 young (9216K), 9 survivors (9216K)
 Metaspace       used 113939K, capacity 117081K, committed 117244K, reserved 1150976K
  class space    used 14380K, capacity 15642K, committed 15692K, reserved 1048576K
}
Event: 98.513 GC heap before
{Heap before GC invocations=92 (full 0):
 garbage-first heap   total 390144K, used 339973K [0x0000000080000000, 0x0000000100000000)
  region size 1024K, 180 young (184320K), 9 survivors (9216K)
 Metaspace       used 113952K, capacity 117146K, committed 117244K, reserved 1150976K
  class space    used 14380K, capacity 15642K, committed 15692K, reserved 1048576K
}
Event: 98.554 GC heap after
{Heap after GC invocations=93 (full 0):
 garbage-first heap   total 458752K, used 164877K [0x0000000080000000, 0x0000000100000000)
  region size 1024K, 9 young (9216K), 9 survivors (9216K)
 Metaspace       used 113952K, capacity 117146K, committed 117244K, reserved 1150976K
  class space    used 14380K, capacity 15642K, committed 15692K, reserved 1048576K
}
Event: 100.156 GC heap before
{Heap before GC invocations=93 (full 0):
 garbage-first heap   total 458752K, used 385037K [0x0000000080000000, 0x0000000100000000)
  region size 1024K, 225 young (230400K), 9 survivors (9216K)
 Metaspace       used 113968K, capacity 117148K, committed 117244K, reserved 1150976K
  class space    used 14380K, capacity 15642K, committed 15692K, reserved 1048576K
}
Event: 100.176 GC heap after
{Heap after GC invocations=94 (full 0):
 garbage-first heap   total 458752K, used 166264K [0x0000000080000000, 0x0000000100000000)
  region size 1024K, 10 young (10240K), 10 survivors (10240K)
 Metaspace       used 113968K, capacity 117148K, committed 117244K, reserved 1150976K
  class space    used 14380K, capacity 15642K, committed 15692K, reserved 1048576K
}
Event: 102.362 GC heap before
{Heap before GC invocations=94 (full 0):
 garbage-first heap   total 458752K, used 395640K [0x0000000080000000, 0x0000000100000000)
  region size 1024K, 234 young (239616K), 10 survivors (10240K)
 Metaspace       used 114044K, capacity 117216K, committed 117500K, reserved 1150976K
  class space    used 14380K, capacity 15642K, committed 15692K, reserved 1048576K
}
Event: 102.398 GC heap after
{Heap after GC invocations=95 (full 0):
 garbage-first heap   total 458752K, used 166643K [0x0000000080000000, 0x0000000100000000)
  region size 1024K, 10 young (10240K), 10 survivors (10240K)
 Metaspace       used 114044K, capacity 117216K, committed 117500K, reserved 1150976K
  class space    used 14380K, capacity 15642K, committed 15692K, reserved 1048576K
}

