# JRE version: OpenJDK Runtime Environment (11.0.12+7) (build 11.0.12+7-b1504.28-7817840)
# Java VM: OpenJDK 64-Bit Server VM (11.0.12+7-b1504.28-7817840, mixed mode, tiered, compressed oops, g1 gc, windows-amd64)
Heap:
 garbage-first heap   total 155648K, used 112187K [0x0000000080000000, 0x0000000100000000)
  region size 1024K, 52 young (53248K), 6 survivors (6144K)
 Metaspace       used 83989K, capacity 86181K, committed 86384K, reserved 1124352K
  class space    used 10991K, capacity 11829K, committed 11852K, reserved 1048576K
GC Heap History (20 events):
Event: 19.181 GC heap before
{Heap before GC invocations=10 (full 0):
 garbage-first heap   total 129024K, used 90670K [0x0000000080000000, 0x0000000100000000)
  region size 1024K, 63 young (64512K), 3 survivors (3072K)
 Metaspace       used 48380K, capacity 49613K, committed 49864K, reserved 1093632K
  class space    used 6204K, capacity 6679K, committed 6732K, reserved 1048576K
}
Event: 19.190 GC heap after
{Heap after GC invocations=11 (full 0):
 garbage-first heap   total 129024K, used 32302K [0x0000000080000000, 0x0000000100000000)
  region size 1024K, 5 young (5120K), 5 survivors (5120K)
 Metaspace       used 48380K, capacity 49613K, committed 49864K, reserved 1093632K
  class space    used 6204K, capacity 6679K, committed 6732K, reserved 1048576K
}
Event: 21.129 GC heap before
{Heap before GC invocations=11 (full 0):
 garbage-first heap   total 129024K, used 98862K [0x0000000080000000, 0x0000000100000000)
  region size 1024K, 66 young (67584K), 5 survivors (5120K)
 Metaspace       used 54891K, capacity 56124K, committed 56392K, reserved 1097728K
  class space    used 7055K, capacity 7558K, committed 7628K, reserved 1048576K
}
Event: 21.153 GC heap after
{Heap after GC invocations=12 (full 0):
 garbage-first heap   total 129024K, used 44603K [0x0000000080000000, 0x0000000100000000)
  region size 1024K, 9 young (9216K), 9 survivors (9216K)
 Metaspace       used 54891K, capacity 56124K, committed 56392K, reserved 1097728K
  class space    used 7055K, capacity 7558K, committed 7628K, reserved 1048576K
}
Event: 21.880 GC heap before
{Heap before GC invocations=12 (full 0):
 garbage-first heap   total 129024K, used 66107K [0x0000000080000000, 0x0000000100000000)
  region size 1024K, 31 young (31744K), 9 survivors (9216K)
 Metaspace       used 58437K, capacity 59855K, committed 59976K, reserved 1101824K
  class space    used 7462K, capacity 8051K, committed 8140K, reserved 1048576K
}
Event: 21.902 GC heap after
{Heap after GC invocations=13 (full 0):
 garbage-first heap   total 129024K, used 45848K [0x0000000080000000, 0x0000000100000000)
  region size 1024K, 1 young (1024K), 1 survivors (1024K)
 Metaspace       used 58437K, capacity 59855K, committed 59976K, reserved 1101824K
  class space    used 7462K, capacity 8051K, committed 8140K, reserved 1048576K
}
Event: 22.817 GC heap before
{Heap before GC invocations=14 (full 0):
 garbage-first heap   total 129024K, used 86808K [0x0000000080000000, 0x0000000100000000)
  region size 1024K, 42 young (43008K), 1 survivors (1024K)
 Metaspace       used 62936K, capacity 64396K, committed 64496K, reserved 1105920K
  class space    used 8015K, capacity 8579K, committed 8652K, reserved 1048576K
}
Event: 22.829 GC heap after
{Heap after GC invocations=15 (full 0):
 garbage-first heap   total 129024K, used 49619K [0x0000000080000000, 0x0000000100000000)
  region size 1024K, 5 young (5120K), 5 survivors (5120K)
 Metaspace       used 62936K, capacity 64396K, committed 64496K, reserved 1105920K
  class space    used 8015K, capacity 8579K, committed 8652K, reserved 1048576K
}
Event: 23.712 GC heap before
{Heap before GC invocations=16 (full 0):
 garbage-first heap   total 129024K, used 90579K [0x0000000080000000, 0x0000000100000000)
  region size 1024K, 45 young (46080K), 5 survivors (5120K)
 Metaspace       used 65306K, capacity 66810K, committed 66928K, reserved 1107968K
  class space    used 8342K, capacity 8926K, committed 9036K, reserved 1048576K
}
Event: 23.723 GC heap after
{Heap after GC invocations=17 (full 0):
 garbage-first heap   total 129024K, used 52295K [0x0000000080000000, 0x0000000100000000)
  region size 1024K, 3 young (3072K), 3 survivors (3072K)
 Metaspace       used 65306K, capacity 66810K, committed 66928K, reserved 1107968K
  class space    used 8342K, capacity 8926K, committed 9036K, reserved 1048576K
}
Event: 24.696 GC heap before
{Heap before GC invocations=17 (full 0):
 garbage-first heap   total 129024K, used 93255K [0x0000000080000000, 0x0000000100000000)
  region size 1024K, 43 young (44032K), 3 survivors (3072K)
 Metaspace       used 67667K, capacity 69173K, committed 69360K, reserved 1110016K
  class space    used 8698K, capacity 9288K, committed 9420K, reserved 1048576K
}
Event: 24.705 GC heap after
{Heap after GC invocations=18 (full 0):
 garbage-first heap   total 129024K, used 55014K [0x0000000080000000, 0x0000000100000000)
  region size 1024K, 6 young (6144K), 6 survivors (6144K)
 Metaspace       used 67667K, capacity 69173K, committed 69360K, reserved 1110016K
  class space    used 8698K, capacity 9288K, committed 9420K, reserved 1048576K
}
Event: 25.854 GC heap before
{Heap before GC invocations=18 (full 0):
 garbage-first heap   total 129024K, used 95974K [0x0000000080000000, 0x0000000100000000)
  region size 1024K, 46 young (47104K), 6 survivors (6144K)
 Metaspace       used 71968K, capacity 73597K, committed 73840K, reserved 1114112K
  class space    used 9396K, capacity 10022K, committed 10060K, reserved 1048576K
}
Event: 25.866 GC heap after
{Heap after GC invocations=19 (full 0):
 garbage-first heap   total 129024K, used 57981K [0x0000000080000000, 0x0000000100000000)
  region size 1024K, 6 young (6144K), 6 survivors (6144K)
 Metaspace       used 71968K, capacity 73597K, committed 73840K, reserved 1114112K
  class space    used 9396K, capacity 10022K, committed 10060K, reserved 1048576K
}
Event: 26.901 GC heap before
{Heap before GC invocations=19 (full 0):
 garbage-first heap   total 129024K, used 98941K [0x0000000080000000, 0x0000000100000000)
  region size 1024K, 46 young (47104K), 6 survivors (6144K)
 Metaspace       used 75585K, capacity 77288K, committed 77552K, reserved 1116160K
  class space    used 9937K, capacity 10577K, committed 10700K, reserved 1048576K
}
Event: 26.913 GC heap after
{Heap after GC invocations=20 (full 0):
 garbage-first heap   total 129024K, used 60143K [0x0000000080000000, 0x0000000100000000)
  region size 1024K, 6 young (6144K), 6 survivors (6144K)
 Metaspace       used 75585K, capacity 77288K, committed 77552K, reserved 1116160K
  class space    used 9937K, capacity 10577K, committed 10700K, reserved 1048576K
}
Event: 28.229 GC heap before
{Heap before GC invocations=20 (full 0):
 garbage-first heap   total 129024K, used 100079K [0x0000000080000000, 0x0000000100000000)
  region size 1024K, 46 young (47104K), 6 survivors (6144K)
 Metaspace       used 80839K, capacity 82830K, committed 82928K, reserved 1120256K
  class space    used 10613K, capacity 11372K, committed 11468K, reserved 1048576K
}
Event: 28.241 GC heap after
{Heap after GC invocations=21 (full 0):
 garbage-first heap   total 155648K, used 63037K [0x0000000080000000, 0x0000000100000000)
  region size 1024K, 6 young (6144K), 6 survivors (6144K)
 Metaspace       used 80839K, capacity 82830K, committed 82928K, reserved 1120256K
  class space    used 10613K, capacity 11372K, committed 11468K, reserved 1048576K
}
Event: 29.925 GC heap before
{Heap before GC invocations=21 (full 0):
 garbage-first heap   total 155648K, used 114237K [0x0000000080000000, 0x0000000100000000)
  region size 1024K, 57 young (58368K), 6 survivors (6144K)
 Metaspace       used 82487K, capacity 84652K, committed 84720K, reserved 1122304K
  class space    used 10849K, capacity 11689K, committed 11724K, reserved 1048576K
}
Event: 29.941 GC heap after
{Heap after GC invocations=22 (full 0):
 garbage-first heap   total 155648K, used 66107K [0x0000000080000000, 0x0000000100000000)
  region size 1024K, 6 young (6144K), 6 survivors (6144K)
 Metaspace       used 82487K, capacity 84652K, committed 84720K, reserved 1122304K
  class space    used 10849K, capacity 11689K, committed 11724K, reserved 1048576K
}

